<?xml version="1.0" encoding="UTF-8"?>
<!-- Generated by org.testng.reporters.JUnitReportReporter -->
<testsuite skipped="0" hostname="DESKTOP-KKBBGQN" name="smoke_TestPages.Sales_Test" tests="2" failures="0" timestamp="25 Jun 2019 11:32:55 GMT" time="1.084" errors="0">
  <testcase name="test" time="0.023" classname="smoke_TestPages.Sales_Test"/>
  <testcase name="salestest" time="1.061" classname="smoke_TestPages.Sales_Test"/>
</testsuite> <!-- smoke_TestPages.Sales_Test -->
