<?xml version="1.0" encoding="UTF-8"?>
<!-- Generated by org.testng.reporters.JUnitReportReporter -->
<testsuite skipped="0" hostname="DESKTOP-KKBBGQN" name="testPages.Reports_Test" tests="2" failures="0" timestamp="25 Jun 2019 08:33:36 GMT" time="0.904" errors="0">
  <testcase name="test" time="0.012" classname="testPages.Reports_Test"/>
  <testcase name="repotest" time="0.892" classname="testPages.Reports_Test"/>
</testsuite> <!-- testPages.Reports_Test -->
