<?xml version="1.0" encoding="UTF-8"?>
<!-- Generated by org.testng.reporters.JUnitReportReporter -->
<testsuite skipped="0" hostname="DESKTOP-KKBBGQN" name="testPages.Admin_Test" tests="2" failures="0" timestamp="25 Jun 2019 09:27:16 GMT" time="0.857" errors="0">
  <testcase name="admintest" time="0.843" classname="testPages.Admin_Test"/>
  <testcase name="test" time="0.014" classname="testPages.Admin_Test"/>
</testsuite> <!-- testPages.Admin_Test -->
