<?xml version="1.0" encoding="UTF-8"?>
<!-- Generated by org.testng.reporters.JUnitReportReporter -->
<testsuite skipped="0" hostname="DESKTOP-KKBBGQN" name="testPages.User_Mgt_Test" tests="2" failures="0" timestamp="25 Jun 2019 08:46:45 GMT" time="0.715" errors="0">
  <testcase name="usermgttest" time="0.698" classname="testPages.User_Mgt_Test"/>
  <testcase name="test" time="0.017" classname="testPages.User_Mgt_Test"/>
</testsuite> <!-- testPages.User_Mgt_Test -->
