<?xml version="1.0" encoding="UTF-8"?>
<!-- Generated by org.testng.reporters.JUnitReportReporter -->
<testsuite skipped="0" hostname="DESKTOP-KKBBGQN" name="smoke_TestPages.User_Mgt_Test" tests="2" failures="0" timestamp="25 Jun 2019 11:32:55 GMT" time="0.232" errors="0">
  <testcase name="test" time="0.012" classname="smoke_TestPages.User_Mgt_Test"/>
  <testcase name="usermgttest" time="0.220" classname="smoke_TestPages.User_Mgt_Test"/>
</testsuite> <!-- smoke_TestPages.User_Mgt_Test -->
