<?xml version="1.0" encoding="UTF-8"?>
<!-- Generated by org.testng.reporters.JUnitReportReporter -->
<testsuite skipped="0" hostname="DESKTOP-KKBBGQN" name="smoke_TestPages.Admin_Test" tests="2" failures="0" timestamp="28 Jun 2019 09:36:54 GMT" time="0.708" errors="0">
  <testcase name="test" time="0.010" classname="smoke_TestPages.Admin_Test"/>
  <testcase name="admintest" time="0.698" classname="smoke_TestPages.Admin_Test"/>
</testsuite> <!-- smoke_TestPages.Admin_Test -->
