<?xml version="1.0" encoding="UTF-8"?>
<!-- Generated by org.testng.reporters.JUnitReportReporter -->
<testsuite skipped="0" hostname="DESKTOP-KKBBGQN" name="smoke_TestPages.Dashboard_Test" tests="2" failures="0" timestamp="25 Jun 2019 11:32:55 GMT" time="0.208" errors="0">
  <testcase name="test" time="0.009" classname="smoke_TestPages.Dashboard_Test"/>
  <testcase name="dashboardtest" time="0.199" classname="smoke_TestPages.Dashboard_Test"/>
</testsuite> <!-- smoke_TestPages.Dashboard_Test -->
