<?xml version="1.0" encoding="UTF-8"?>
<!-- Generated by org.testng.reporters.JUnitReportReporter -->
<testsuite skipped="0" hostname="DESKTOP-KKBBGQN" name="smoke_TestPages.BaseClass" tests="1" failures="0" timestamp="26 Jun 2019 06:24:33 GMT" time="0.014" errors="0">
  <testcase name="test" time="0.014" classname="smoke_TestPages.BaseClass"/>
</testsuite> <!-- smoke_TestPages.BaseClass -->
