<?xml version="1.0" encoding="UTF-8"?>
<!-- Generated by org.testng.reporters.JUnitReportReporter -->
<testsuite skipped="0" hostname="DESKTOP-KKBBGQN" name="testPages.Sales_Test" tests="2" failures="0" timestamp="25 Jun 2019 07:11:47 GMT" time="1.371" errors="0">
  <testcase name="test" time="0.016" classname="testPages.Sales_Test"/>
  <testcase name="salestest" time="1.355" classname="testPages.Sales_Test"/>
</testsuite> <!-- testPages.Sales_Test -->
