<?xml version="1.0" encoding="UTF-8"?>
<!-- Generated by org.testng.reporters.JUnitReportReporter -->
<testsuite skipped="0" hostname="DESKTOP-KKBBGQN" name="smoke_TestPages.Inventory_Test" tests="2" failures="0" timestamp="25 Jun 2019 11:32:55 GMT" time="0.501" errors="0">
  <testcase name="invtest" time="0.487" classname="smoke_TestPages.Inventory_Test"/>
  <testcase name="test" time="0.014" classname="smoke_TestPages.Inventory_Test"/>
</testsuite> <!-- smoke_TestPages.Inventory_Test -->
