<?xml version="1.0" encoding="UTF-8"?>
<!-- Generated by org.testng.reporters.JUnitReportReporter -->
<testsuite skipped="0" hostname="DESKTOP-KKBBGQN" name="smoke_TestPages.Reports_Test" tests="2" failures="0" timestamp="25 Jun 2019 11:32:55 GMT" time="0.549" errors="0">
  <testcase name="repotest" time="0.519" classname="smoke_TestPages.Reports_Test"/>
  <testcase name="test" time="0.030" classname="smoke_TestPages.Reports_Test"/>
</testsuite> <!-- smoke_TestPages.Reports_Test -->
