<?xml version="1.0" encoding="UTF-8"?>
<!-- Generated by org.testng.reporters.JUnitReportReporter -->
<testsuite skipped="0" hostname="DESKTOP-KKBBGQN" name="testPages.Inventory_Test" tests="2" failures="0" timestamp="25 Jun 2019 07:06:57 GMT" time="1.159" errors="0">
  <testcase name="test" time="0.014" classname="testPages.Inventory_Test"/>
  <testcase name="invtest" time="1.145" classname="testPages.Inventory_Test"/>
</testsuite> <!-- testPages.Inventory_Test -->
