<?xml version="1.0" encoding="UTF-8"?>
<!-- Generated by org.testng.reporters.JUnitReportReporter -->
<testsuite skipped="0" hostname="DESKTOP-KKBBGQN" name="testPages.Dashboard_Test" tests="2" failures="0" timestamp="25 Jun 2019 08:06:26 GMT" time="0.712" errors="0">
  <testcase name="test" time="0.015" classname="testPages.Dashboard_Test"/>
  <testcase name="dashboardtest" time="0.697" classname="testPages.Dashboard_Test"/>
</testsuite> <!-- testPages.Dashboard_Test -->
