<?xml version="1.0" encoding="UTF-8"?>
<!-- Generated by org.testng.reporters.JUnitReportReporter -->
<testsuite skipped="0" hostname="DESKTOP-KKBBGQN" name="testPages.BaseClass" tests="1" failures="0" timestamp="14 Jun 2019 09:23:41 GMT" time="0.025" errors="0">
  <testcase name="test" time="0.025" classname="testPages.BaseClass"/>
</testsuite> <!-- testPages.BaseClass -->
